<?xml version="1.0" encoding="UTF-8"?>
<!-- Generated by org.testng.reporters.JUnitReportReporter -->
<testsuite hostname="DESKTOP-BDCU2EV" failures="0" tests="2" name="Runner.CucumberRunnerTests" time="40.175" errors="0" timestamp="2023-03-31T11:16:19 IST" skipped="0">
  <testcase classname="Runner.CucumberRunnerTests" name="runScenario" time="21.963"/>
  <system-out/>
  <testcase classname="Runner.CucumberRunnerTests" name="runScenario" time="18.212"/>
  <system-out/>
</testsuite> <!-- Runner.CucumberRunnerTests -->
